<?xml version="1.0" encoding="UTF-8"?>
<!-- Generated by org.testng.reporters.JUnitXMLReporter -->
<testsuite ignored="0" hostname="DESKTOP-RFG1HQ3" failures="0" tests="4" name="UserTest" time="4.826" errors="0" timestamp="2024-07-25T11:03:53 EDT">
  <testcase classname="api.tests.UserTests2" name="testPostUser" time="2.63"/>
  <testcase classname="api.tests.UserTests2" name="testGetUserByName" time="0.273"/>
  <testcase classname="api.tests.UserTests2" name="testUpdateUserByName" time="0.509"/>
  <testcase classname="api.tests.UserTests2" name="deleteUser" time="0.266"/>
</testsuite> <!-- UserTest -->
