<?xml version="1.0" encoding="UTF-8"?>
<!-- Generated by org.testng.reporters.JUnitXMLReporter -->
<testsuite ignored="0" hostname="DESKTOP-RFG1HQ3" failures="0" tests="6" name="Default test" time="5.178" errors="0" timestamp="2024-07-24T13:44:20 EDT">
  <testcase classname="api.tests.DDTests" name="testPostUser" time="2.241"/>
  <testcase classname="api.tests.DDTests" name="testPostUser" time="0.212"/>
  <testcase classname="api.tests.DDTests" name="testPostUser" time="0.211"/>
  <testcase classname="api.tests.DDTests" name="testDeleteUserByName" time="0.256"/>
  <testcase classname="api.tests.DDTests" name="testDeleteUserByName" time="0.276"/>
  <testcase classname="api.tests.DDTests" name="testDeleteUserByName" time="0.513"/>
</testsuite> <!-- Default test -->
