<?xml version="1.0" encoding="UTF-8"?>
<testng-results ignored="0" total="4" passed="4" failed="0" skipped="0">
  <reporter-output>
  </reporter-output>
  <suite started-at="2024-07-25T18:24:33 EDT" name="PetStoreUserSuite" finished-at="2024-07-25T18:24:37 EDT" duration-ms="3989">
    <groups>
    </groups>
    <test started-at="2024-07-25T18:24:33 EDT" name="UserTest" finished-at="2024-07-25T18:24:37 EDT" duration-ms="3989">
      <class name="api.tests.UserTests2">
        <test-method is-config="true" signature="setupData()[pri:0, instance:api.tests.UserTests2@61862a7f]" started-at="2024-07-25T18:24:33 EDT" name="setupData" finished-at="2024-07-25T18:24:34 EDT" duration-ms="925" status="PASS">
          <reporter-output>
          </reporter-output>
        </test-method> <!-- setupData -->
        <test-method signature="testPostUser()[pri:1, instance:api.tests.UserTests2@61862a7f]" started-at="2024-07-25T18:24:34 EDT" name="testPostUser" finished-at="2024-07-25T18:24:36 EDT" duration-ms="2076" status="PASS">
          <reporter-output>
          </reporter-output>
        </test-method> <!-- testPostUser -->
        <test-method signature="testGetUserByName()[pri:2, instance:api.tests.UserTests2@61862a7f]" started-at="2024-07-25T18:24:36 EDT" name="testGetUserByName" finished-at="2024-07-25T18:24:36 EDT" duration-ms="215" status="PASS">
          <reporter-output>
          </reporter-output>
        </test-method> <!-- testGetUserByName -->
        <test-method signature="testUpdateUserByName()[pri:3, instance:api.tests.UserTests2@61862a7f]" started-at="2024-07-25T18:24:36 EDT" name="testUpdateUserByName" finished-at="2024-07-25T18:24:37 EDT" duration-ms="385" status="PASS">
          <reporter-output>
          </reporter-output>
        </test-method> <!-- testUpdateUserByName -->
        <test-method signature="deleteUser()[pri:4, instance:api.tests.UserTests2@61862a7f]" started-at="2024-07-25T18:24:37 EDT" name="deleteUser" finished-at="2024-07-25T18:24:37 EDT" duration-ms="173" status="PASS">
          <reporter-output>
          </reporter-output>
        </test-method> <!-- deleteUser -->
      </class> <!-- api.tests.UserTests2 -->
    </test> <!-- UserTest -->
  </suite> <!-- PetStoreUserSuite -->
</testng-results>
